WavePackage.py exec time:
0:08:28.942079

HarmonicOscillator.py exec time:
0:10:53.659804

QuantumTunnelling.py exec time:
0:10:53.412147

QuantumTunnelling.py exec time:
0:08:28.313967

QuantumTunnelling.py exec time:
0:13:51.911633

WavePackage.py exec time:
Program was terminated or there was some error:
0:00:26.495831

--------------------------------------------------
17.12.2022-17.47.45
--------------------------------------------------
WavePackage.py exec time:
0:09:20.968632

HarmonicOscillator.py exec time:
Program was terminated or there was some error:
0:00:41.967277

--------------------------------------------------
17.12.2022-18.00.33
--------------------------------------------------
WavePackage.py exec time:
0:16:54.914651

HarmonicOscillator.py exec time:
0:22:11.330934

QuantumTunnelling.py exec time:
0:14:53.845578

